<?xml version="1.0" encoding="UTF-8"?>
<testsuite name="game.controller.GameOutputControllerTest" tests="3" skipped="0" failures="0" errors="0" timestamp="2017-06-25T09:10:52" hostname="Indhu-PC" time="0.349">
  <properties/>
  <testcase name="joinGame" classname="game.controller.GameOutputControllerTest" time="0.303"/>
  <testcase name="sendRegister" classname="game.controller.GameOutputControllerTest" time="0.015"/>
  <testcase name="getGameList" classname="game.controller.GameOutputControllerTest" time="0.031"/>
  <system-out><![CDATA[2017-06-25 11:10:47.859  INFO 7480 --- [    Test worker] .b.t.a.w.s.WebMvcTestContextBootstrapper : Neither @ContextConfiguration nor @ContextHierarchy found for test class [game.controller.GameOutputControllerTest], using SpringBootContextLoader
2017-06-25 11:10:47.864  INFO 7480 --- [    Test worker] o.s.t.c.support.AbstractContextLoader    : Could not detect default resource locations for test class [game.controller.GameOutputControllerTest]: no resource found for suffixes {-context.xml, Context.groovy}.
2017-06-25 11:10:47.866  INFO 7480 --- [    Test worker] t.c.s.AnnotationConfigContextLoaderUtils : Could not detect default configuration classes for test class [game.controller.GameOutputControllerTest]: GameOutputControllerTest does not declare any static, non-private, non-final, nested classes annotated with @Configuration.
2017-06-25 11:10:48.013  INFO 7480 --- [    Test worker] .b.t.c.SpringBootTestContextBootstrapper : Found @SpringBootConfiguration game.Application for test class game.controller.GameOutputControllerTest
2017-06-25 11:10:48.044  INFO 7480 --- [    Test worker] .b.t.a.w.s.WebMvcTestContextBootstrapper : Loaded default TestExecutionListener class names from location [META-INF/spring.factories]: [org.springframework.boot.test.mock.mockito.MockitoTestExecutionListener, org.springframework.boot.test.mock.mockito.ResetMocksTestExecutionListener, org.springframework.boot.test.autoconfigure.restdocs.RestDocsTestExecutionListener, org.springframework.boot.test.autoconfigure.web.client.MockRestServiceServerResetTestExecutionListener, org.springframework.boot.test.autoconfigure.web.servlet.MockMvcPrintOnlyOnFailureTestExecutionListener, org.springframework.boot.test.autoconfigure.web.servlet.WebDriverTestExecutionListener, org.springframework.test.context.web.ServletTestExecutionListener, org.springframework.test.context.support.DirtiesContextBeforeModesTestExecutionListener, org.springframework.test.context.support.DependencyInjectionTestExecutionListener, org.springframework.test.context.support.DirtiesContextTestExecutionListener, org.springframework.test.context.transaction.TransactionalTestExecutionListener, org.springframework.test.context.jdbc.SqlScriptsTestExecutionListener]
2017-06-25 11:10:48.060  INFO 7480 --- [    Test worker] .b.t.a.w.s.WebMvcTestContextBootstrapper : Could not instantiate TestExecutionListener [org.springframework.test.context.jdbc.SqlScriptsTestExecutionListener]. Specify custom listener classes or make the default listener classes (and their required dependencies) available. Offending class: [org/springframework/transaction/interceptor/TransactionAttribute]
2017-06-25 11:10:48.060  INFO 7480 --- [    Test worker] .b.t.a.w.s.WebMvcTestContextBootstrapper : Could not instantiate TestExecutionListener [org.springframework.test.context.transaction.TransactionalTestExecutionListener]. Specify custom listener classes or make the default listener classes (and their required dependencies) available. Offending class: [org/springframework/transaction/interceptor/TransactionAttributeSource]
2017-06-25 11:10:48.060  INFO 7480 --- [    Test worker] .b.t.a.w.s.WebMvcTestContextBootstrapper : Using TestExecutionListeners: [org.springframework.test.context.web.ServletTestExecutionListener@553614af, org.springframework.test.context.support.DirtiesContextBeforeModesTestExecutionListener@3d91a0c9, org.springframework.boot.test.autoconfigure.SpringBootDependencyInjectionTestExecutionListener@1a7cb100, org.springframework.test.context.support.DirtiesContextTestExecutionListener@b8f0d12, org.springframework.boot.test.mock.mockito.MockitoTestExecutionListener@6e79e3a0, org.springframework.boot.test.autoconfigure.web.servlet.MockMvcPrintOnlyOnFailureTestExecutionListener@5ede814e, org.springframework.boot.test.mock.mockito.ResetMocksTestExecutionListener@2155df24, org.springframework.boot.test.autoconfigure.restdocs.RestDocsTestExecutionListener@5241b181, org.springframework.boot.test.autoconfigure.web.servlet.WebDriverTestExecutionListener@73043c8a, org.springframework.boot.test.autoconfigure.web.client.MockRestServiceServerResetTestExecutionListener@59fa1755]

  .   ____          _            __ _ _
 /\\ / ___'_ __ _ _(_)_ __  __ _ \ \ \ \
( ( )\___ | '_ | '_| | '_ \/ _` | \ \ \ \
 \\/  ___)| |_)| | | | | || (_| |  ) ) ) )
  '  |____| .__|_| |_|_| |_\__, | / / / /
 =========|_|==============|___/=/_/_/_/
 :: Spring Boot ::        (v1.5.3.RELEASE)

2017-06-25 11:10:48.431  INFO 7480 --- [    Test worker] g.controller.GameOutputControllerTest    : Starting GameOutputControllerTest on Indhu-PC with PID 7480 (started by Indhu in C:\Users\Indhu\IdeaProjects\rr_group_v)
2017-06-25 11:10:48.431  INFO 7480 --- [    Test worker] g.controller.GameOutputControllerTest    : No active profile set, falling back to default profiles: default
2017-06-25 11:10:48.431  INFO 7480 --- [    Test worker] o.s.w.c.s.GenericWebApplicationContext   : Refreshing org.springframework.web.context.support.GenericWebApplicationContext@508a1ee6: startup date [Sun Jun 25 11:10:48 CEST 2017]; root of context hierarchy
2017-06-25 11:10:51.610  INFO 7480 --- [    Test worker] s.w.s.m.m.a.RequestMappingHandlerAdapter : Looking for @ControllerAdvice: org.springframework.web.context.support.GenericWebApplicationContext@508a1ee6: startup date [Sun Jun 25 11:10:48 CEST 2017]; root of context hierarchy
2017-06-25 11:10:51.672  INFO 7480 --- [    Test worker] s.w.s.m.m.a.RequestMappingHandlerMapping : Mapped "{[/games/{id}/join],methods=[POST]}" onto public game.Entity.GameJoinOutputWrapper game.controller.GameOutputController.joinGame(java.lang.String,game.Entity.GameJoinInputWrapper)
2017-06-25 11:10:51.672  INFO 7480 --- [    Test worker] s.w.s.m.m.a.RequestMappingHandlerMapping : Mapped "{[/games/{id}/round/sendRegisters],methods=[POST]}" onto public game.Entity.GameJoinOutputWrapper game.controller.GameOutputController.sendRegisters(java.lang.String,game.Entity.RoundActionInputWrapper)
2017-06-25 11:10:51.672  INFO 7480 --- [    Test worker] s.w.s.m.m.a.RequestMappingHandlerMapping : Mapped "{[/games/list],methods=[GET]}" onto public java.util.List<game.Entity.GameViewOutputWrapper> game.controller.GameOutputController.getGameList()
2017-06-25 11:10:51.687  INFO 7480 --- [    Test worker] s.w.s.m.m.a.RequestMappingHandlerMapping : Mapped "{[/error]}" onto public org.springframework.http.ResponseEntity<java.util.Map<java.lang.String, java.lang.Object>> org.springframework.boot.autoconfigure.web.BasicErrorController.error(javax.servlet.http.HttpServletRequest)
2017-06-25 11:10:51.687  INFO 7480 --- [    Test worker] s.w.s.m.m.a.RequestMappingHandlerMapping : Mapped "{[/error],produces=[text/html]}" onto public org.springframework.web.servlet.ModelAndView org.springframework.boot.autoconfigure.web.BasicErrorController.errorHtml(javax.servlet.http.HttpServletRequest,javax.servlet.http.HttpServletResponse)
2017-06-25 11:10:51.797  INFO 7480 --- [    Test worker] o.s.w.s.handler.SimpleUrlHandlerMapping  : Mapped URL path [/webjars/**] onto handler of type [class org.springframework.web.servlet.resource.ResourceHttpRequestHandler]
2017-06-25 11:10:51.798  INFO 7480 --- [    Test worker] o.s.w.s.handler.SimpleUrlHandlerMapping  : Mapped URL path [/**] onto handler of type [class org.springframework.web.servlet.resource.ResourceHttpRequestHandler]
2017-06-25 11:10:51.916  INFO 7480 --- [    Test worker] o.s.w.s.handler.SimpleUrlHandlerMapping  : Mapped URL path [/**/favicon.ico] onto handler of type [class org.springframework.web.servlet.resource.ResourceHttpRequestHandler]
2017-06-25 11:10:52.002  WARN 7480 --- [    Test worker] .t.AbstractTemplateResolverConfiguration : Cannot find template location: classpath:/templates/ (please add some templates or check your Thymeleaf configuration)
2017-06-25 11:10:52.369  INFO 7480 --- [    Test worker] o.s.b.t.m.w.SpringBootMockServletContext : Initializing Spring FrameworkServlet ''
2017-06-25 11:10:52.369  INFO 7480 --- [    Test worker] o.s.t.web.servlet.TestDispatcherServlet  : FrameworkServlet '': initialization started
2017-06-25 11:10:52.385  INFO 7480 --- [    Test worker] o.s.t.web.servlet.TestDispatcherServlet  : FrameworkServlet '': initialization completed in 16 ms
2017-06-25 11:10:52.606  INFO 7480 --- [    Test worker] g.controller.GameOutputControllerTest    : Started GameOutputControllerTest in 4.496 seconds (JVM running for 20.771)
]]></system-out>
  <system-err><![CDATA[]]></system-err>
</testsuite>
