<?xml version="1.0" encoding="UTF-8"?>
<testsuite name="game.controller.GameOutputControllerTest" tests="5" skipped="0" failures="0" errors="0" timestamp="2017-06-25T17:57:35" hostname="Indhu-PC" time="0.086">
  <properties/>
  <testcase name="joinGame" classname="game.controller.GameOutputControllerTest" time="0.042"/>
  <testcase name="sendRegister" classname="game.controller.GameOutputControllerTest" time="0.009"/>
  <testcase name="leaveTheGame" classname="game.controller.GameOutputControllerTest" time="0.006"/>
  <testcase name="getGameList" classname="game.controller.GameOutputControllerTest" time="0.012"/>
  <testcase name="createGame" classname="game.controller.GameOutputControllerTest" time="0.008"/>
  <system-out><![CDATA[2017-06-25 19:57:33.110  INFO 6296 --- [    Test worker] .b.t.a.w.s.WebMvcTestContextBootstrapper : Neither @ContextConfiguration nor @ContextHierarchy found for test class [game.controller.GameOutputControllerTest], using SpringBootContextLoader
2017-06-25 19:57:33.113  INFO 6296 --- [    Test worker] o.s.t.c.support.AbstractContextLoader    : Could not detect default resource locations for test class [game.controller.GameOutputControllerTest]: no resource found for suffixes {-context.xml, Context.groovy}.
2017-06-25 19:57:33.114  INFO 6296 --- [    Test worker] t.c.s.AnnotationConfigContextLoaderUtils : Could not detect default configuration classes for test class [game.controller.GameOutputControllerTest]: GameOutputControllerTest does not declare any static, non-private, non-final, nested classes annotated with @Configuration.
2017-06-25 19:57:33.156  INFO 6296 --- [    Test worker] .b.t.c.SpringBootTestContextBootstrapper : Found @SpringBootConfiguration game.Application for test class game.controller.GameOutputControllerTest
2017-06-25 19:57:33.165  INFO 6296 --- [    Test worker] .b.t.a.w.s.WebMvcTestContextBootstrapper : Loaded default TestExecutionListener class names from location [META-INF/spring.factories]: [org.springframework.boot.test.mock.mockito.MockitoTestExecutionListener, org.springframework.boot.test.mock.mockito.ResetMocksTestExecutionListener, org.springframework.boot.test.autoconfigure.restdocs.RestDocsTestExecutionListener, org.springframework.boot.test.autoconfigure.web.client.MockRestServiceServerResetTestExecutionListener, org.springframework.boot.test.autoconfigure.web.servlet.MockMvcPrintOnlyOnFailureTestExecutionListener, org.springframework.boot.test.autoconfigure.web.servlet.WebDriverTestExecutionListener, org.springframework.test.context.web.ServletTestExecutionListener, org.springframework.test.context.support.DirtiesContextBeforeModesTestExecutionListener, org.springframework.test.context.support.DependencyInjectionTestExecutionListener, org.springframework.test.context.support.DirtiesContextTestExecutionListener, org.springframework.test.context.transaction.TransactionalTestExecutionListener, org.springframework.test.context.jdbc.SqlScriptsTestExecutionListener]
2017-06-25 19:57:33.173  INFO 6296 --- [    Test worker] .b.t.a.w.s.WebMvcTestContextBootstrapper : Could not instantiate TestExecutionListener [org.springframework.test.context.jdbc.SqlScriptsTestExecutionListener]. Specify custom listener classes or make the default listener classes (and their required dependencies) available. Offending class: [org/springframework/transaction/interceptor/TransactionAttribute]
2017-06-25 19:57:33.174  INFO 6296 --- [    Test worker] .b.t.a.w.s.WebMvcTestContextBootstrapper : Could not instantiate TestExecutionListener [org.springframework.test.context.transaction.TransactionalTestExecutionListener]. Specify custom listener classes or make the default listener classes (and their required dependencies) available. Offending class: [org/springframework/transaction/interceptor/TransactionAttributeSource]
2017-06-25 19:57:33.175  INFO 6296 --- [    Test worker] .b.t.a.w.s.WebMvcTestContextBootstrapper : Using TestExecutionListeners: [org.springframework.test.context.web.ServletTestExecutionListener@503b2266, org.springframework.test.context.support.DirtiesContextBeforeModesTestExecutionListener@47db10e0, org.springframework.boot.test.autoconfigure.SpringBootDependencyInjectionTestExecutionListener@2fb98acb, org.springframework.test.context.support.DirtiesContextTestExecutionListener@20089483, org.springframework.boot.test.autoconfigure.restdocs.RestDocsTestExecutionListener@2929baf6, org.springframework.boot.test.autoconfigure.web.servlet.WebDriverTestExecutionListener@366ae323, org.springframework.boot.test.autoconfigure.web.client.MockRestServiceServerResetTestExecutionListener@55e6c8f7, org.springframework.boot.test.autoconfigure.web.servlet.MockMvcPrintOnlyOnFailureTestExecutionListener@31aef244, org.springframework.boot.test.mock.mockito.ResetMocksTestExecutionListener@55b4008d, org.springframework.boot.test.mock.mockito.MockitoTestExecutionListener@342692e3]

  .   ____          _            __ _ _
 /\\ / ___'_ __ _ _(_)_ __  __ _ \ \ \ \
( ( )\___ | '_ | '_| | '_ \/ _` | \ \ \ \
 \\/  ___)| |_)| | | | | || (_| |  ) ) ) )
  '  |____| .__|_| |_|_| |_\__, | / / / /
 =========|_|==============|___/=/_/_/_/
 :: Spring Boot ::        (v1.5.3.RELEASE)

2017-06-25 19:57:33.317  INFO 6296 --- [    Test worker] g.controller.GameOutputControllerTest    : Starting GameOutputControllerTest on Indhu-PC with PID 6296 (started by Indhu in C:\Users\Indhu\IdeaProjects\rr_group_v)
2017-06-25 19:57:33.318  INFO 6296 --- [    Test worker] g.controller.GameOutputControllerTest    : No active profile set, falling back to default profiles: default
2017-06-25 19:57:33.323  INFO 6296 --- [    Test worker] o.s.w.c.s.GenericWebApplicationContext   : Refreshing org.springframework.web.context.support.GenericWebApplicationContext@6538034a: startup date [Sun Jun 25 19:57:33 CEST 2017]; root of context hierarchy
2017-06-25 19:57:34.457  INFO 6296 --- [    Test worker] s.w.s.m.m.a.RequestMappingHandlerAdapter : Looking for @ControllerAdvice: org.springframework.web.context.support.GenericWebApplicationContext@6538034a: startup date [Sun Jun 25 19:57:33 CEST 2017]; root of context hierarchy
2017-06-25 19:57:34.488  INFO 6296 --- [    Test worker] s.w.s.m.m.a.RequestMappingHandlerMapping : Mapped "{[/games/{id}/join],methods=[POST]}" onto public java.lang.String game.controller.GameOutputController.joinGame(java.lang.String,game.Entity.GameJoinInputWrapper)
2017-06-25 19:57:34.488  INFO 6296 --- [    Test worker] s.w.s.m.m.a.RequestMappingHandlerMapping : Mapped "{[/games/{id}/round/sendRegisters],methods=[POST]}" onto public java.lang.String game.controller.GameOutputController.sendRegisters(java.lang.String,game.Entity.SendRegisterInputWrapper)
2017-06-25 19:57:34.488  INFO 6296 --- [    Test worker] s.w.s.m.m.a.RequestMappingHandlerMapping : Mapped "{[/games/create],methods=[POST]}" onto public org.springframework.http.ResponseEntity<game.Entity.GameViewOutputWrapper> game.controller.GameOutputController.createGame(game.Entity.Game)
2017-06-25 19:57:34.488  INFO 6296 --- [    Test worker] s.w.s.m.m.a.RequestMappingHandlerMapping : Mapped "{[/games/list],methods=[GET]}" onto public java.util.List<game.Entity.GameViewOutputWrapper> game.controller.GameOutputController.getGameList()
2017-06-25 19:57:34.488  INFO 6296 --- [    Test worker] s.w.s.m.m.a.RequestMappingHandlerMapping : Mapped "{[/games/{id}/leave],methods=[POST]}" onto public org.springframework.http.ResponseEntity<java.lang.Void> game.controller.GameOutputController.leaveTheGame(java.lang.String)
2017-06-25 19:57:34.504  INFO 6296 --- [    Test worker] s.w.s.m.m.a.RequestMappingHandlerMapping : Mapped "{[/error]}" onto public org.springframework.http.ResponseEntity<java.util.Map<java.lang.String, java.lang.Object>> org.springframework.boot.autoconfigure.web.BasicErrorController.error(javax.servlet.http.HttpServletRequest)
2017-06-25 19:57:34.504  INFO 6296 --- [    Test worker] s.w.s.m.m.a.RequestMappingHandlerMapping : Mapped "{[/error],produces=[text/html]}" onto public org.springframework.web.servlet.ModelAndView org.springframework.boot.autoconfigure.web.BasicErrorController.errorHtml(javax.servlet.http.HttpServletRequest,javax.servlet.http.HttpServletResponse)
2017-06-25 19:57:34.566  INFO 6296 --- [    Test worker] o.s.w.s.handler.SimpleUrlHandlerMapping  : Mapped URL path [/webjars/**] onto handler of type [class org.springframework.web.servlet.resource.ResourceHttpRequestHandler]
2017-06-25 19:57:34.566  INFO 6296 --- [    Test worker] o.s.w.s.handler.SimpleUrlHandlerMapping  : Mapped URL path [/**] onto handler of type [class org.springframework.web.servlet.resource.ResourceHttpRequestHandler]
2017-06-25 19:57:34.636  INFO 6296 --- [    Test worker] o.s.w.s.handler.SimpleUrlHandlerMapping  : Mapped URL path [/**/favicon.ico] onto handler of type [class org.springframework.web.servlet.resource.ResourceHttpRequestHandler]
2017-06-25 19:57:34.922  INFO 6296 --- [    Test worker] o.s.b.t.m.w.SpringBootMockServletContext : Initializing Spring FrameworkServlet ''
2017-06-25 19:57:34.923  INFO 6296 --- [    Test worker] o.s.t.web.servlet.TestDispatcherServlet  : FrameworkServlet '': initialization started
2017-06-25 19:57:34.948  INFO 6296 --- [    Test worker] o.s.t.web.servlet.TestDispatcherServlet  : FrameworkServlet '': initialization completed in 24 ms
2017-06-25 19:57:35.105  INFO 6296 --- [    Test worker] g.controller.GameOutputControllerTest    : Started GameOutputControllerTest in 1.916 seconds (JVM running for 19.659)
]]></system-out>
  <system-err><![CDATA[]]></system-err>
</testsuite>
